<?xml version="1.0" encoding="UTF-8"?>
<!-- Generated by org.testng.reporters.JUnitReportReporter -->
<testsuite skipped="0" hostname="DESKTOP-PTK9AB3" name="TestRunner" tests="4" failures="0" timestamp="2023-02-25T20:58:13 EST" time="18.867" errors="0">
  <testcase name="runScenario" time="8.789" classname="TestRunner"/>
  <system-out/>
  <testcase name="runScenario" time="3.196" classname="TestRunner"/>
  <system-out/>
  <testcase name="runScenario" time="3.280" classname="TestRunner"/>
  <system-out/>
  <testcase name="runScenario" time="3.602" classname="TestRunner"/>
  <system-out/>
</testsuite> <!-- TestRunner -->
